<?xml version="1.0" encoding="UTF-8"?>
<!-- Generated by org.testng.reporters.JUnitXMLReporter -->
<testsuite ignored="0" hostname="DESKTOP-8BO9H7E" failures="1" tests="7" name="Test" time="9.321" errors="0" timestamp="2022-02-22T14:10:25 EST">
  <testcase classname="com.API.method.jobApiGetMethod" name="jobApiGetData" time="3.481"/>
  <testcase classname="com.API.method.jobApiPostMethod" name="jobApiPostData" time="2.059"/>
  <testcase classname="com.API.method.jobApiPostMethod" name="jobApiPostData" time="0.871"/>
  <testcase classname="com.API.method.jobApiPutMethod" name="jobApiPutData" time="0.685">
    <failure type="io.restassured.path.json.exception.JsonPathException" message="Failed to parse the JSON document">
      <![CDATA[io.restassured.path.json.exception.JsonPathException: Failed to parse the JSON document
at io.restassured.path.json.JsonPath$ExceptionCatcher.invoke(JsonPath.java:1002)
at io.restassured.path.json.JsonPath$4.doParseWith(JsonPath.java:967)
at io.restassured.path.json.JsonPath$JsonParser.parseWith(JsonPath.java:1047)
at io.restassured.path.json.JsonPath.get(JsonPath.java:202)
at com.API.method.jobApiPutMethod.jobApiPutData(jobApiPutMethod.java:62)
at java.base/java.util.ArrayList.forEach(ArrayList.java:1511)
Caused by: groovy.json.JsonException: Lexing failed on line: 1, column: 1, while reading '<', no possible valid JSON value or punctuation could be recognized.
at groovy.json.JsonLexer.nextToken(JsonLexer.java:86)
at groovy.json.JsonLexer$nextToken.call(Unknown Source)
at io.restassured.internal.path.json.ConfigurableJsonSlurper.parse(ConfigurableJsonSlurper.groovy:97)
at io.restassured.internal.path.json.ConfigurableJsonSlurper$parse.callCurrent(Unknown Source)
at io.restassured.internal.path.json.ConfigurableJsonSlurper.parseText(ConfigurableJsonSlurper.groovy:83)
at io.restassured.path.json.JsonPath$4$1.method(JsonPath.java:965)
at io.restassured.path.json.JsonPath$ExceptionCatcher.invoke(JsonPath.java:1000)
... 32 more
... Removed 27 stack frames]]>
    </failure>
  </testcase> <!-- jobApiPutData -->
  <testcase classname="com.API.method.jobApiPutMethod" name="jobApiPutData" time="0.749"/>
  <testcase classname="com.API.method.jobApiDeleteMethod" name="jobApiDeleteData" time="0.166"/>
  <testcase classname="com.API.method.jobApiDeleteMethod" name="jobApiDeleteData" time="0.156"/>
</testsuite> <!-- Test -->
