<?xml version="1.0" encoding="UTF-8"?>
<testng-results ignored="0" total="2" passed="1" failed="1" skipped="0">
  <reporter-output>
    <line>
      <![CDATA[Post Response Body::JobApi::200]]>
    </line>
    <line>
      <![CDATA[Post Response Body::JobApi::200]]>
    </line>
  </reporter-output>
  <suite started-at="2022-03-09T12:14:22 EST" name="Default suite" finished-at="2022-03-09T12:14:34 EST" duration-ms="12194">
    <groups>
    </groups>
    <test started-at="2022-03-09T12:14:22 EST" name="Default test" finished-at="2022-03-09T12:14:34 EST" duration-ms="12194">
      <class name="com.API.method.jobApiPostMethod">
        <test-method signature="jobApiPostData(java.lang.String,java.lang.String,java.lang.String,java.lang.String,java.lang.String,java.lang.String,java.lang.String,java.lang.String)[pri:2, instance:com.API.method.jobApiPostMethod@29626d54]" started-at="2022-03-09T12:14:27 EST" name="jobApiPostData" data-provider="JobApiPost" finished-at="2022-03-09T12:14:32 EST" duration-ms="4201" status="FAIL">
          <params>
            <param index="0">
              <value>
                <![CDATA[SDET]]>
              </value>
            </param>
            <param index="1">
              <value>
                <![CDATA[NumphyNinja]]>
              </value>
            </param>
            <param index="2">
              <value>
                <![CDATA[Georgia]]>
              </value>
            </param>
            <param index="3">
              <value>
                <![CDATA[remote]]>
              </value>
            </param>
            <param index="4">
              <value>
                <![CDATA[4 hours ago]]>
              </value>
            </param>
            <param index="5">
              <value>
                <![CDATA[Automation]]>
              </value>
            </param>
            <param index="6">
              <value>
                <![CDATA[2222]]>
              </value>
            </param>
            <param index="7">
              <value>
                <![CDATA[200]]>
              </value>
            </param>
          </params>
          <exception class="io.restassured.path.json.exception.JsonPathException">
            <message>
              <![CDATA[Failed to parse the JSON document]]>
            </message>
            <full-stacktrace>
              <![CDATA[io.restassured.path.json.exception.JsonPathException: Failed to parse the JSON document
at io.restassured.path.json.JsonPath$ExceptionCatcher.invoke(JsonPath.java:1002)
at io.restassured.path.json.JsonPath$4.doParseWith(JsonPath.java:967)
at io.restassured.path.json.JsonPath$JsonParser.parseWith(JsonPath.java:1047)
at io.restassured.path.json.JsonPath.get(JsonPath.java:202)
at com.API.method.jobApiPostMethod.jobApiPostData(jobApiPostMethod.java:81)
at java.base/jdk.internal.reflect.NativeMethodAccessorImpl.invoke0(Native Method)
at java.base/jdk.internal.reflect.NativeMethodAccessorImpl.invoke(NativeMethodAccessorImpl.java:77)
at java.base/jdk.internal.reflect.DelegatingMethodAccessorImpl.invoke(DelegatingMethodAccessorImpl.java:43)
at java.base/java.lang.reflect.Method.invoke(Method.java:568)
at org.testng.internal.MethodInvocationHelper.invokeMethod(MethodInvocationHelper.java:133)
at org.testng.internal.TestInvoker.invokeMethod(TestInvoker.java:598)
at org.testng.internal.TestInvoker.invokeTestMethod(TestInvoker.java:173)
at org.testng.internal.MethodRunner.runInSequence(MethodRunner.java:46)
at org.testng.internal.TestInvoker$MethodInvocationAgent.invoke(TestInvoker.java:824)
at org.testng.internal.TestInvoker.invokeTestMethods(TestInvoker.java:146)
at org.testng.internal.TestMethodWorker.invokeTestMethods(TestMethodWorker.java:146)
at org.testng.internal.TestMethodWorker.run(TestMethodWorker.java:128)
at java.base/java.util.ArrayList.forEach(ArrayList.java:1511)
at org.testng.TestRunner.privateRun(TestRunner.java:794)
at org.testng.TestRunner.run(TestRunner.java:596)
at org.testng.SuiteRunner.runTest(SuiteRunner.java:377)
at org.testng.SuiteRunner.runSequentially(SuiteRunner.java:371)
at org.testng.SuiteRunner.privateRun(SuiteRunner.java:332)
at org.testng.SuiteRunner.run(SuiteRunner.java:276)
at org.testng.SuiteRunnerWorker.runSuite(SuiteRunnerWorker.java:53)
at org.testng.SuiteRunnerWorker.run(SuiteRunnerWorker.java:96)
at org.testng.TestNG.runSuitesSequentially(TestNG.java:1212)
at org.testng.TestNG.runSuitesLocally(TestNG.java:1134)
at org.testng.TestNG.runSuites(TestNG.java:1063)
at org.testng.TestNG.run(TestNG.java:1031)
at org.testng.remote.AbstractRemoteTestNG.run(AbstractRemoteTestNG.java:115)
at org.testng.remote.RemoteTestNG.initAndRun(RemoteTestNG.java:251)
at org.testng.remote.RemoteTestNG.main(RemoteTestNG.java:77)
Caused by: groovy.json.JsonException: Lexing failed on line: 1, column: 1, while reading '<', no possible valid JSON value or punctuation could be recognized.
at groovy.json.JsonLexer.nextToken(JsonLexer.java:86)
at groovy.json.JsonLexer$nextToken.call(Unknown Source)
at org.codehaus.groovy.runtime.callsite.CallSiteArray.defaultCall(CallSiteArray.java:47)
at org.codehaus.groovy.runtime.callsite.AbstractCallSite.call(AbstractCallSite.java:125)
at org.codehaus.groovy.runtime.callsite.AbstractCallSite.call(AbstractCallSite.java:130)
at io.restassured.internal.path.json.ConfigurableJsonSlurper.parse(ConfigurableJsonSlurper.groovy:97)
at io.restassured.internal.path.json.ConfigurableJsonSlurper$parse.callCurrent(Unknown Source)
at org.codehaus.groovy.runtime.callsite.CallSiteArray.defaultCallCurrent(CallSiteArray.java:51)
at org.codehaus.groovy.runtime.callsite.AbstractCallSite.callCurrent(AbstractCallSite.java:171)
at org.codehaus.groovy.runtime.callsite.AbstractCallSite.callCurrent(AbstractCallSite.java:185)
at io.restassured.internal.path.json.ConfigurableJsonSlurper.parseText(ConfigurableJsonSlurper.groovy:83)
at io.restassured.path.json.JsonPath$4$1.method(JsonPath.java:965)
at io.restassured.path.json.JsonPath$ExceptionCatcher.invoke(JsonPath.java:1000)
... 32 more
]]>
            </full-stacktrace>
          </exception> <!-- io.restassured.path.json.exception.JsonPathException -->
          <reporter-output>
            <line>
              <![CDATA[Post Response Body::JobApi::200]]>
            </line>
          </reporter-output>
        </test-method> <!-- jobApiPostData -->
        <test-method signature="jobApiPostData(java.lang.String,java.lang.String,java.lang.String,java.lang.String,java.lang.String,java.lang.String,java.lang.String,java.lang.String)[pri:2, instance:com.API.method.jobApiPostMethod@29626d54]" started-at="2022-03-09T12:14:32 EST" name="jobApiPostData" data-provider="JobApiPost" finished-at="2022-03-09T12:14:34 EST" duration-ms="2125" status="PASS">
          <params>
            <param index="0">
              <value>
                <![CDATA[Developer]]>
              </value>
            </param>
            <param index="1">
              <value>
                <![CDATA[Sap]]>
              </value>
            </param>
            <param index="2">
              <value>
                <![CDATA[NJ]]>
              </value>
            </param>
            <param index="3">
              <value>
                <![CDATA[inperson]]>
              </value>
            </param>
            <param index="4">
              <value>
                <![CDATA[2 hours ago]]>
              </value>
            </param>
            <param index="5">
              <value>
                <![CDATA[SDET]]>
              </value>
            </param>
            <param index="6">
              <value>
                <![CDATA[3344]]>
              </value>
            </param>
            <param index="7">
              <value>
                <![CDATA[200]]>
              </value>
            </param>
          </params>
          <reporter-output>
            <line>
              <![CDATA[Post Response Body::JobApi::200]]>
            </line>
          </reporter-output>
        </test-method> <!-- jobApiPostData -->
      </class> <!-- com.API.method.jobApiPostMethod -->
    </test> <!-- Default test -->
  </suite> <!-- Default suite -->
</testng-results>
